<?xml version="1.0" encoding="UTF-8"?>
<!-- Generated by org.testng.reporters.JUnitReportReporter -->
<testsuite hostname="INVENGER-819" failures="0" tests="1" name="First.BasicAuth_Demo" time="2.463" errors="0" timestamp="2025-06-26T11:56:24 IST" skipped="0">
  <testcase classname="First.BasicAuth_Demo" name="validateCredentials" time="2.463"/>
</testsuite> <!-- First.BasicAuth_Demo -->
