<?xml version="1.0" encoding="UTF-8"?>
<!-- Generated by org.testng.reporters.JUnitReportReporter -->
<testsuite hostname="INVENGER-819" failures="0" tests="1" name="First.RestAssured_SOAPDemo" time="1.537" errors="0" timestamp="2025-06-25T15:53:30 IST" skipped="0">
  <testcase classname="First.RestAssured_SOAPDemo" name="getSubNumber" time="1.537"/>
</testsuite> <!-- First.RestAssured_SOAPDemo -->
