<?xml version="1.0" encoding="UTF-8"?>
<!-- Generated by org.testng.reporters.JUnitReportReporter -->
<testsuite hostname="INVENGER-819" failures="0" tests="1" name="First.JsonCompare" time="1.665" errors="0" timestamp="2025-06-27T12:18:28 IST" skipped="0">
  <testcase classname="First.JsonCompare" name="verifyGreaterResponseTime" time="1.665"/>
</testsuite> <!-- First.JsonCompare -->
