<?xml version="1.0" encoding="UTF-8"?>
<!-- Generated by org.testng.reporters.JUnitReportReporter -->
<testsuite hostname="INVENGER-819" failures="0" tests="1" name="Json_Manipulation.Serialization" time="0.217" errors="0" timestamp="2025-07-14T14:54:01 IST" skipped="0">
  <testcase classname="Json_Manipulation.Serialization" name="SerializationMapTest" time="0.217"/>
</testsuite> <!-- Json_Manipulation.Serialization -->
