<?xml version="1.0" encoding="UTF-8"?>
<!-- Generated by org.testng.reporters.JUnitReportReporter -->
<testsuite hostname="INVENGER-819" failures="0" tests="1" name="First.HttpRequest" time="1.874" errors="0" timestamp="2025-06-02T12:12:01 IST" skipped="0">
  <testcase classname="First.HttpRequest" name="jsonArrayPost" time="1.874"/>
</testsuite> <!-- First.HttpRequest -->
