<?xml version="1.0" encoding="UTF-8"?>
<!-- Generated by org.testng.reporters.JUnitReportReporter -->
<testsuite hostname="INVENGER-819" failures="0" tests="1" name="Json_Manipulation.JsonFileComparison" time="2.034" errors="0" timestamp="2025-07-15T14:43:34 IST" skipped="0">
  <testcase classname="Json_Manipulation.JsonFileComparison" name="compareResponse" time="2.034"/>
</testsuite> <!-- Json_Manipulation.JsonFileComparison -->
