<?xml version="1.0" encoding="UTF-8"?>
<!-- Generated by org.testng.reporters.JUnitReportReporter -->
<testsuite hostname="INVENGER-819" failures="0" tests="2" name="First.HttpRequest" time="3.455" errors="0" timestamp="2024-07-29T17:37:50 IST" skipped="0">
  <testcase classname="First.HttpRequest" name="createUser" time="2.932"/>
  <testcase classname="First.HttpRequest" name="deleteData" time="0.523"/>
</testsuite> <!-- First.HttpRequest -->
