<?xml version="1.0" encoding="UTF-8"?>
<!-- Generated by org.testng.reporters.JUnitReportReporter -->
<testsuite hostname="INVENGER-819" failures="0" tests="1" name="Json_Manipulation.Deserialization" time="0.220" errors="0" timestamp="2025-07-14T12:40:45 IST" skipped="0">
  <testcase classname="Json_Manipulation.Deserialization" name="readJson" time="0.220"/>
</testsuite> <!-- Json_Manipulation.Deserialization -->
