<?xml version="1.0" encoding="UTF-8"?>
<!-- Generated by org.testng.reporters.JUnitReportReporter -->
<testsuite hostname="INVENGER-819" failures="0" tests="1" name="Json_Manipulation.EmployeeTests" time="3.486" errors="0" timestamp="2025-09-18T14:25:15 IST" skipped="0">
  <testcase classname="Json_Manipulation.EmployeeTests" name="createEmployee" time="3.486"/>
</testsuite> <!-- Json_Manipulation.EmployeeTests -->
