<?xml version="1.0" encoding="UTF-8"?>
<!-- Generated by org.testng.reporters.JUnitReportReporter -->
<testsuite hostname="INVENGER-819" failures="0" tests="1" name="First.BasicAuth_Demo" time="3.509" errors="0" timestamp="2025-09-25T12:03:15 IST" skipped="0">
  <testcase classname="First.BasicAuth_Demo" name="validateCredentials" time="3.509"/>
</testsuite> <!-- First.BasicAuth_Demo -->
