<?xml version="1.0" encoding="UTF-8"?>
<!-- Generated by org.testng.reporters.JUnitReportReporter -->
<testsuite hostname="INVENGER-819" failures="0" tests="1" name="First.JsonCompare" time="2.046" errors="0" timestamp="2025-09-25T09:40:57 IST" skipped="0">
  <testcase classname="First.JsonCompare" name="verifyGreaterResponseTime" time="2.046"/>
</testsuite> <!-- First.JsonCompare -->
