<?xml version="1.0" encoding="UTF-8"?>
<!-- Generated by org.testng.reporters.JUnitReportReporter -->
<testsuite hostname="INVENGER-819" failures="0" tests="2" name="First.passJsonAsPayload" time="3.167" errors="0" timestamp="2025-06-25T15:03:35 IST" skipped="0">
  <testcase classname="First.passJsonAsPayload" name="createUser" time="1.529"/>
  <testcase classname="First.passJsonAsPayload" name="getNumber" time="1.638"/>
</testsuite> <!-- First.passJsonAsPayload -->
