<?xml version="1.0" encoding="UTF-8"?>
<!-- Generated by org.testng.reporters.JUnitReportReporter -->
<testsuite hostname="INVENGER-819" failures="0" tests="1" name="First.BlackListDemo" time="1.980" errors="0" timestamp="2025-07-01T12:51:22 IST" skipped="0">
  <testcase classname="First.BlackListDemo" name="verifyUser1" time="1.980"/>
</testsuite> <!-- First.BlackListDemo -->
