<?xml version="1.0" encoding="UTF-8"?>
<!-- Generated by org.testng.reporters.JUnitReportReporter -->
<testsuite hostname="INVENGER-819" failures="0" tests="1" name="First.passJsonAsPayload" time="2.981" errors="0" timestamp="2025-09-18T14:47:30 IST" skipped="0">
  <testcase classname="First.passJsonAsPayload" name="getNumber" time="2.981"/>
</testsuite> <!-- First.passJsonAsPayload -->
