<?xml version="1.0" encoding="UTF-8"?>
<!-- Generated by org.testng.reporters.JUnitReportReporter -->
<testsuite hostname="INVENGER-819" failures="0" tests="1" name="First.Validations" time="1.850" errors="0" timestamp="2025-07-07T12:49:20 IST" skipped="0">
  <testcase classname="First.Validations" name="verifyStatusLine" time="1.850"/>
</testsuite> <!-- First.Validations -->
