<?xml version="1.0" encoding="UTF-8"?>
<!-- Generated by org.testng.reporters.JUnitReportReporter -->
<testsuite hostname="INVENGER-819" failures="0" tests="1" name="Json_Manipulation.NestedPOJOTest" time="0.213" errors="0" timestamp="2025-07-09T09:41:14 IST" skipped="0">
  <testcase classname="Json_Manipulation.NestedPOJOTest" name="createNestedPOJO" time="0.213"/>
</testsuite> <!-- Json_Manipulation.NestedPOJOTest -->
