<?xml version="1.0" encoding="UTF-8"?>
<!-- Generated by org.testng.reporters.JUnitReportReporter -->
<testsuite hostname="INVENGER-819" failures="0" tests="1" name="First.ParamDemo" time="2.098" errors="0" timestamp="2025-06-27T11:17:58 IST" skipped="0">
  <testcase classname="First.ParamDemo" name="verifyQueryParam" time="2.098"/>
</testsuite> <!-- First.ParamDemo -->
