<?xml version="1.0" encoding="UTF-8"?>
<!-- Generated by org.testng.reporters.JUnitReportReporter -->
<testsuite hostname="INVENGER-819" failures="0" tests="1" name="First.authInHeader" time="3.453" errors="0" timestamp="2025-07-01T15:11:34 IST" skipped="0">
  <testcase classname="First.authInHeader" name="validateToken" time="3.453"/>
</testsuite> <!-- First.authInHeader -->
