<?xml version="1.0" encoding="UTF-8"?>
<!-- Generated by org.testng.reporters.JUnitReportReporter -->
<testsuite hostname="INVENGER-819" failures="0" tests="1" name="Json_Manipulation.Serialization" time="0.188" errors="0" timestamp="2025-09-18T14:22:50 IST" skipped="0">
  <testcase classname="Json_Manipulation.Serialization" name="serializationTest" time="0.188"/>
</testsuite> <!-- Json_Manipulation.Serialization -->
