<?xml version="1.0" encoding="UTF-8"?>
<!-- Generated by org.testng.reporters.JUnitReportReporter -->
<testsuite hostname="INVENGER-819" failures="0" tests="1" name="First.ContentType_Demo" time="2.731" errors="0" timestamp="2025-09-26T10:08:51 IST" skipped="0">
  <testcase classname="First.ContentType_Demo" name="with_test" time="2.731"/>
</testsuite> <!-- First.ContentType_Demo -->
